<?xml version="1.0" encoding="UTF-8"?>
<testsuite xmlns:xsi="http://www.w3.org/2001/XMLSchema-instance" xsi:noNamespaceSchemaLocation="https://maven.apache.org/surefire/maven-surefire-plugin/xsd/surefire-test-report-3.0.xsd" version="3.0" name="com.example.musiflowbackend.MusiFlowBackendApplicationTests" time="2.764" tests="1" errors="0" skipped="0" failures="0">
  <properties>
[...]
</properties>
  <testcase name="contextLoads" classname="com.example.musiflowbackend.MusiFlowBackendApplicationTests" time="0.475">
    <system-out><![CDATA[17:15:32.523 [main] INFO org.springframework.test.context.support.AnnotationConfigContextLoaderUtils -- Could not detect default configuration classes for test class [com.example.musiflowbackend.MusiFlowBackendApplicationTests]: MusiFlowBackendApplicationTests does not declare any static, non-private, non-final, nested classes annotated with @Configuration.
17:15:32.577 [main] INFO org.springframework.boot.test.context.SpringBootTestContextBootstrapper -- Found @SpringBootConfiguration com.example.musiflowbackend.MusiFlowBackendApplication for test class com.example.musiflowbackend.MusiFlowBackendApplicationTests
17:15:32.648 [main] INFO org.springframework.boot.devtools.restart.RestartApplicationListener -- Restart disabled due to context in which it is running

  .   ____          _            __ _ _
 /\\ / ___'_ __ _ _(_)_ __  __ _ \ \ \ \
( ( )\___ | '_ | '_| | '_ \/ _` | \ \ \ \
 \\/  ___)| |_)| | | | | || (_| |  ) ) ) )
  '  |____| .__|_| |_|_| |_\__, | / / / /
 =========|_|==============|___/=/_/_/_/

 :: Spring Boot ::                (v3.3.5)

2024-11-05T17:15:32.780+01:00  WARN 57427 --- [MusiFlow-Backend] [           main] ory$DuplicateJsonObjectContextCustomizer : 

Found multiple occurrences of org.json.JSONObject on the class path:

	jar:file:/Users/nataliamasgrauvila/.m2/repository/org/json/json/20240303/json-20240303.jar!/org/json/JSONObject.class
	jar:file:/Users/nataliamasgrauvila/.m2/repository/com/vaadin/external/google/android-json/0.0.20131108.vaadin1/android-json-0.0.20131108.vaadin1.jar!/org/json/JSONObject.class

You may wish to exclude one of them to ensure predictable runtime behavior

2024-11-05T17:15:32.792+01:00  INFO 57427 --- [MusiFlow-Backend] [           main] c.e.m.MusiFlowBackendApplicationTests    : Starting MusiFlowBackendApplicationTests using Java 23.0.1 with PID 57427 (started by nataliamasgrauvila in /Users/nataliamasgrauvila/Documents/GitHub/Sense nom/MusiFlow-Backend)
2024-11-05T17:15:32.792+01:00  INFO 57427 --- [MusiFlow-Backend] [           main] c.e.m.MusiFlowBackendApplicationTests    : No active profile set, falling back to 1 default profile: "default"
2024-11-05T17:15:33.151+01:00  INFO 57427 --- [MusiFlow-Backend] [           main] .s.d.r.c.RepositoryConfigurationDelegate : Multiple Spring Data modules found, entering strict repository configuration mode
2024-11-05T17:15:33.151+01:00  INFO 57427 --- [MusiFlow-Backend] [           main] .s.d.r.c.RepositoryConfigurationDelegate : Bootstrapping Spring Data Reactive MongoDB repositories in DEFAULT mode.
2024-11-05T17:15:33.211+01:00  INFO 57427 --- [MusiFlow-Backend] [           main] .s.d.r.c.RepositoryConfigurationDelegate : Finished Spring Data repository scanning in 57 ms. Found 0 Reactive MongoDB repository interfaces.
2024-11-05T17:15:33.215+01:00  INFO 57427 --- [MusiFlow-Backend] [           main] .s.d.r.c.RepositoryConfigurationDelegate : Multiple Spring Data modules found, entering strict repository configuration mode
2024-11-05T17:15:33.216+01:00  INFO 57427 --- [MusiFlow-Backend] [           main] .s.d.r.c.RepositoryConfigurationDelegate : Bootstrapping Spring Data MongoDB repositories in DEFAULT mode.
2024-11-05T17:15:33.225+01:00  INFO 57427 --- [MusiFlow-Backend] [           main] .s.d.r.c.RepositoryConfigurationDelegate : Finished Spring Data repository scanning in 9 ms. Found 1 MongoDB repository interface.
2024-11-05T17:15:33.235+01:00  INFO 57427 --- [MusiFlow-Backend] [           main] .s.d.r.c.RepositoryConfigurationDelegate : Multiple Spring Data modules found, entering strict repository configuration mode
2024-11-05T17:15:33.243+01:00  INFO 57427 --- [MusiFlow-Backend] [           main] .s.d.r.c.RepositoryConfigurationDelegate : Bootstrapping Spring Data Redis repositories in DEFAULT mode.
2024-11-05T17:15:33.248+01:00  INFO 57427 --- [MusiFlow-Backend] [           main] .RepositoryConfigurationExtensionSupport : Spring Data Redis - Could not safely identify store assignment for repository candidate interface com.example.musiflowbackend.repository.Mp3FileRepository; If you want this repository to be a Redis repository, consider annotating your entities with one of these annotations: org.springframework.data.redis.core.RedisHash (preferred), or consider extending one of the following types with your repository: org.springframework.data.keyvalue.repository.KeyValueRepository
2024-11-05T17:15:33.248+01:00  INFO 57427 --- [MusiFlow-Backend] [           main] .s.d.r.c.RepositoryConfigurationDelegate : Finished Spring Data repository scanning in 1 ms. Found 0 Redis repository interfaces.
2024-11-05T17:15:33.337+01:00  INFO 57427 --- [MusiFlow-Backend] [           main] o.s.cloud.context.scope.GenericScope     : BeanFactory id=1fea8fa8-6a4d-3bfb-9b23-fc345018c974
2024-11-05T17:15:33.511+01:00  INFO 57427 --- [MusiFlow-Backend] [           main] org.mongodb.driver.client                : MongoClient with metadata {"application": {"name": "MusiFlow"}, "driver": {"name": "mongo-java-driver|sync", "version": "5.0.1"}, "os": {"type": "Darwin", "name": "Mac OS X", "architecture": "aarch64", "version": "15.0.1"}, "platform": "Java/Homebrew/23.0.1"} created with settings MongoClientSettings{readPreference=primary, writeConcern=WriteConcern{w=majority, wTimeout=null ms, journal=null}, retryWrites=true, retryReads=true, readConcern=ReadConcern{level=null}, credential=MongoCredential{mechanism=null, userName='usuari', source='admin', password=<hidden>, mechanismProperties=<hidden>}, transportSettings=null, commandListeners=[], codecRegistry=ProvidersCodecRegistry{codecProviders=[ValueCodecProvider{}, BsonValueCodecProvider{}, DBRefCodecProvider{}, DBObjectCodecProvider{}, DocumentCodecProvider{}, CollectionCodecProvider{}, IterableCodecProvider{}, MapCodecProvider{}, GeoJsonCodecProvider{}, GridFSFileCodecProvider{}, Jsr310CodecProvider{}, JsonObjectCodecProvider{}, BsonCodecProvider{}, EnumCodecProvider{}, com.mongodb.client.model.mql.ExpressionCodecProvider@382d71c7, com.mongodb.Jep395RecordCodecProvider@2ca54da9, com.mongodb.KotlinCodecProvider@34a20f16]}, loggerSettings=LoggerSettings{maxDocumentLength=1000}, clusterSettings={hosts=[127.0.0.1:27017], srvHost=musiflow.i6m9z.mongodb.net, srvServiceName=mongodb, mode=MULTIPLE, requiredClusterType=REPLICA_SET, requiredReplicaSetName='atlas-fpc1t1-shard-0', serverSelector='null', clusterListeners='[]', serverSelectionTimeout='30000 ms', localThreshold='15 ms'}, socketSettings=SocketSettings{connectTimeoutMS=10000, readTimeoutMS=0, receiveBufferSize=0, proxySettings=ProxySettings{host=null, port=null, username=null, password=null}}, heartbeatSocketSettings=SocketSettings{connectTimeoutMS=10000, readTimeoutMS=10000, receiveBufferSize=0, proxySettings=ProxySettings{host=null, port=null, username=null, password=null}}, connectionPoolSettings=ConnectionPoolSettings{maxSize=100, minSize=0, maxWaitTimeMS=120000, maxConnectionLifeTimeMS=0, maxConnectionIdleTimeMS=0, maintenanceInitialDelayMS=0, maintenanceFrequencyMS=60000, connectionPoolListeners=[], maxConnecting=2}, serverSettings=ServerSettings{heartbeatFrequencyMS=10000, minHeartbeatFrequencyMS=500, serverListeners='[]', serverMonitorListeners='[]'}, sslSettings=SslSettings{enabled=true, invalidHostNameAllowed=false, context=null}, applicationName='MusiFlow', compressorList=[], uuidRepresentation=UNSPECIFIED, serverApi=ServerApi{version=V1, deprecationErrors=null, strict=null}, autoEncryptionSettings=null, dnsClient=null, inetAddressResolver=null, contextProvider=null}
2024-11-05T17:15:33.558+01:00  INFO 57427 --- [MusiFlow-Backend] [m9z.mongodb.net] org.mongodb.driver.cluster               : Adding discovered server musiflow-shard-00-02.i6m9z.mongodb.net:27017 to client view of cluster
2024-11-05T17:15:33.569+01:00  INFO 57427 --- [MusiFlow-Backend] [m9z.mongodb.net] org.mongodb.driver.cluster               : Adding discovered server musiflow-shard-00-00.i6m9z.mongodb.net:27017 to client view of cluster
2024-11-05T17:15:33.570+01:00  INFO 57427 --- [MusiFlow-Backend] [m9z.mongodb.net] org.mongodb.driver.cluster               : Adding discovered server musiflow-shard-00-01.i6m9z.mongodb.net:27017 to client view of cluster
2024-11-05T17:15:33.668+01:00  INFO 57427 --- [MusiFlow-Backend] [           main] org.mongodb.driver.cluster               : Waiting for server to become available for operation with ID 1. Remaining time: 30000 ms. Selector: ReadPreferenceServerSelector{readPreference=primary}, topology description: {type=REPLICA_SET, servers=[{address=musiflow-shard-00-02.i6m9z.mongodb.net:27017, type=UNKNOWN, state=CONNECTING}, {address=musiflow-shard-00-00.i6m9z.mongodb.net:27017, type=UNKNOWN, state=CONNECTING}, {address=musiflow-shard-00-01.i6m9z.mongodb.net:27017, type=UNKNOWN, state=CONNECTING}].
2024-11-05T17:15:33.900+01:00  INFO 57427 --- [MusiFlow-Backend] [ngodb.net:27017] org.mongodb.driver.cluster               : Monitor thread successfully connected to server with description ServerDescription{address=musiflow-shard-00-00.i6m9z.mongodb.net:27017, type=REPLICA_SET_SECONDARY, state=CONNECTED, ok=true, minWireVersion=0, maxWireVersion=21, maxDocumentSize=16777216, logicalSessionTimeoutMinutes=30, roundTripTimeNanos=212625834, setName='atlas-fpc1t1-shard-0', canonicalAddress=musiflow-shard-00-00.i6m9z.mongodb.net:27017, hosts=[musiflow-shard-00-00.i6m9z.mongodb.net:27017, musiflow-shard-00-01.i6m9z.mongodb.net:27017, musiflow-shard-00-02.i6m9z.mongodb.net:27017], passives=[], arbiters=[], primary='musiflow-shard-00-01.i6m9z.mongodb.net:27017', tagSet=TagSet{[Tag{name='availabilityZone', value='euw3-az1'}, Tag{name='diskState', value='READY'}, Tag{name='nodeType', value='ELECTABLE'}, Tag{name='provider', value='AWS'}, Tag{name='region', value='EU_WEST_3'}, Tag{name='workloadType', value='OPERATIONAL'}]}, electionId=null, setVersion=4, topologyVersion=TopologyVersion{processId=6725098e8846142784811757, counter=4}, lastWriteDate=Tue Nov 05 17:15:33 CET 2024, lastUpdateTimeNanos=225689607743833}
2024-11-05T17:15:33.900+01:00  INFO 57427 --- [MusiFlow-Backend] [ngodb.net:27017] org.mongodb.driver.cluster               : Monitor thread successfully connected to server with description ServerDescription{address=musiflow-shard-00-02.i6m9z.mongodb.net:27017, type=REPLICA_SET_SECONDARY, state=CONNECTED, ok=true, minWireVersion=0, maxWireVersion=21, maxDocumentSize=16777216, logicalSessionTimeoutMinutes=30, roundTripTimeNanos=212677000, setName='atlas-fpc1t1-shard-0', canonicalAddress=musiflow-shard-00-02.i6m9z.mongodb.net:27017, hosts=[musiflow-shard-00-00.i6m9z.mongodb.net:27017, musiflow-shard-00-01.i6m9z.mongodb.net:27017, musiflow-shard-00-02.i6m9z.mongodb.net:27017], passives=[], arbiters=[], primary='musiflow-shard-00-01.i6m9z.mongodb.net:27017', tagSet=TagSet{[Tag{name='availabilityZone', value='euw3-az3'}, Tag{name='diskState', value='READY'}, Tag{name='nodeType', value='ELECTABLE'}, Tag{name='provider', value='AWS'}, Tag{name='region', value='EU_WEST_3'}, Tag{name='workloadType', value='OPERATIONAL'}]}, electionId=null, setVersion=4, topologyVersion=TopologyVersion{processId=67250a349250998d1b21af83, counter=3}, lastWriteDate=Tue Nov 05 17:15:33 CET 2024, lastUpdateTimeNanos=225689607772208}
2024-11-05T17:15:33.903+01:00  INFO 57427 --- [MusiFlow-Backend] [ngodb.net:27017] org.mongodb.driver.cluster               : Monitor thread successfully connected to server with description ServerDescription{address=musiflow-shard-00-01.i6m9z.mongodb.net:27017, type=REPLICA_SET_PRIMARY, state=CONNECTED, ok=true, minWireVersion=0, maxWireVersion=21, maxDocumentSize=16777216, logicalSessionTimeoutMinutes=30, roundTripTimeNanos=210142542, setName='atlas-fpc1t1-shard-0', canonicalAddress=musiflow-shard-00-01.i6m9z.mongodb.net:27017, hosts=[musiflow-shard-00-00.i6m9z.mongodb.net:27017, musiflow-shard-00-01.i6m9z.mongodb.net:27017, musiflow-shard-00-02.i6m9z.mongodb.net:27017], passives=[], arbiters=[], primary='musiflow-shard-00-01.i6m9z.mongodb.net:27017', tagSet=TagSet{[Tag{name='availabilityZone', value='euw3-az2'}, Tag{name='diskState', value='READY'}, Tag{name='nodeType', value='ELECTABLE'}, Tag{name='provider', value='AWS'}, Tag{name='region', value='EU_WEST_3'}, Tag{name='workloadType', value='OPERATIONAL'}]}, electionId=7fffffff0000000000000039, setVersion=4, topologyVersion=TopologyVersion{processId=672509e1291700255598d556, counter=6}, lastWriteDate=Tue Nov 05 17:15:33 CET 2024, lastUpdateTimeNanos=225689612179416}
2024-11-05T17:15:33.904+01:00  INFO 57427 --- [MusiFlow-Backend] [ngodb.net:27017] org.mongodb.driver.cluster               : Discovered replica set primary musiflow-shard-00-01.i6m9z.mongodb.net:27017 with max election id 7fffffff0000000000000039 and max set version 4
Connexió a MongoDB confirmada amb èxit.
2024-11-05T17:15:34.434+01:00 ERROR 57427 --- [MusiFlow-Backend] [           main] i.n.r.d.DnsServerAddressStreamProviders  : Unable to load io.netty.resolver.dns.macos.MacOSDnsServerAddressStreamProvider, fallback to system defaults. This may result in incorrect DNS resolutions on MacOS. Check whether you have a dependency on 'io.netty:netty-resolver-dns-native-macos'. Use DEBUG level to see the full stack: java.lang.UnsatisfiedLinkError: failed to load the required native library
2024-11-05T17:15:34.545+01:00  INFO 57427 --- [MusiFlow-Backend] [           main] org.mongodb.driver.client                : MongoClient with metadata {"driver": {"name": "mongo-java-driver|reactive-streams|spring-boot", "version": "5.0.1"}, "os": {"type": "Darwin", "name": "Mac OS X", "architecture": "aarch64", "version": "15.0.1"}, "platform": "Java/Homebrew/23.0.1"} created with settings MongoClientSettings{readPreference=primary, writeConcern=WriteConcern{w=null, wTimeout=null ms, journal=null}, retryWrites=true, retryReads=true, readConcern=ReadConcern{level=null}, credential=MongoCredential{mechanism=null, userName='usuari', source='mp3Database', password=<hidden>, mechanismProperties=<hidden>}, transportSettings=NettyTransportSettings{eventLoopGroup=io.netty.channel.nio.NioEventLoopGroup@be083e1, socketChannelClass=null, allocator=null, sslContext=null}, commandListeners=[], codecRegistry=ProvidersCodecRegistry{codecProviders=[ValueCodecProvider{}, BsonValueCodecProvider{}, DBRefCodecProvider{}, DBObjectCodecProvider{}, DocumentCodecProvider{}, CollectionCodecProvider{}, IterableCodecProvider{}, MapCodecProvider{}, GeoJsonCodecProvider{}, GridFSFileCodecProvider{}, Jsr310CodecProvider{}, JsonObjectCodecProvider{}, BsonCodecProvider{}, EnumCodecProvider{}, com.mongodb.client.model.mql.ExpressionCodecProvider@382d71c7, com.mongodb.Jep395RecordCodecProvider@2ca54da9, com.mongodb.KotlinCodecProvider@34a20f16]}, loggerSettings=LoggerSettings{maxDocumentLength=1000}, clusterSettings={hosts=[localhost:27017], srvServiceName=mongodb, mode=SINGLE, requiredClusterType=UNKNOWN, requiredReplicaSetName='null', serverSelector='null', clusterListeners='[]', serverSelectionTimeout='30000 ms', localThreshold='15 ms'}, socketSettings=SocketSettings{connectTimeoutMS=10000, readTimeoutMS=0, receiveBufferSize=0, proxySettings=ProxySettings{host=null, port=null, username=null, password=null}}, heartbeatSocketSettings=SocketSettings{connectTimeoutMS=10000, readTimeoutMS=10000, receiveBufferSize=0, proxySettings=ProxySettings{host=null, port=null, username=null, password=null}}, connectionPoolSettings=ConnectionPoolSettings{maxSize=100, minSize=0, maxWaitTimeMS=120000, maxConnectionLifeTimeMS=0, maxConnectionIdleTimeMS=0, maintenanceInitialDelayMS=0, maintenanceFrequencyMS=60000, connectionPoolListeners=[], maxConnecting=2}, serverSettings=ServerSettings{heartbeatFrequencyMS=10000, minHeartbeatFrequencyMS=500, serverListeners='[]', serverMonitorListeners='[]'}, sslSettings=SslSettings{enabled=false, invalidHostNameAllowed=false, context=null}, applicationName='null', compressorList=[], uuidRepresentation=JAVA_LEGACY, serverApi=null, autoEncryptionSettings=null, dnsClient=null, inetAddressResolver=null, contextProvider=null}
2024-11-05T17:15:34.581+01:00  INFO 57427 --- [MusiFlow-Backend] [localhost:27017] org.mongodb.driver.cluster               : Monitor thread successfully connected to server with description ServerDescription{address=localhost:27017, type=STANDALONE, state=CONNECTED, ok=true, minWireVersion=0, maxWireVersion=25, maxDocumentSize=16777216, logicalSessionTimeoutMinutes=30, roundTripTimeNanos=22360291}
2024-11-05T17:15:34.640+01:00  INFO 57427 --- [MusiFlow-Backend] [           main] c.e.m.MusiFlowBackendApplicationTests    : Started MusiFlowBackendApplicationTests in 1.996 seconds (process running for 2.474)
Fitxers MP3 disponibles a la base de dades:
Títol: Nom del fitxer, Artista: Nom de l'artista, Àlbum: Nom de l'àlbum, Any: 2024
Títol: Nom del fitxer, Artista: Nom de l'artista, Àlbum: Nom de l'àlbum, Any: 2024
Títol: , Artista: , Àlbum: , Any: 0
]]></system-out>
    <system-err><![CDATA[WARNING: A Java agent has been loaded dynamically (/Users/nataliamasgrauvila/.m2/repository/net/bytebuddy/byte-buddy-agent/1.14.19/byte-buddy-agent-1.14.19.jar)
WARNING: If a serviceability tool is in use, please run with -XX:+EnableDynamicAgentLoading to hide this warning
WARNING: If a serviceability tool is not in use, please run with -Djdk.instrument.traceUsage for more information
WARNING: Dynamic loading of agents will be disallowed by default in a future release
]]></system-err>
  </testcase>
</testsuite>